2015-09-05 15:55:49 [scrapy] INFO: Scrapy 1.0.3 started (bot: restaurant)
2015-09-05 15:55:49 [scrapy] INFO: Optional features available: ssl, http11
2015-09-05 15:55:49 [scrapy] INFO: Overridden settings: {'NEWSPIDER_MODULE': 'restaurant.spiders', 'FEED_URI': 'meituan.json', 'SPIDER_MODULES': ['restaurant.spiders'], 'BOT_NAME': 'restaurant', 'FEED_FORMAT': 'json', 'LOG_FILE': 'meituan.log'}
2015-09-05 15:55:49 [py.warnings] WARNING: :0: UserWarning: You do not have a working installation of the service_identity module: 'No module named pyasn1_modules.rfc2459'.  Please install it from <https://pypi.python.org/pypi/service_identity> and make sure all of its dependencies are satisfied.  Without the service_identity module and a recent enough pyOpenSSL to support it, Twisted can perform only rudimentary TLS client hostname verification.  Many valid certificate/hostname mappings may be rejected.

2015-09-05 15:55:49 [scrapy] INFO: Enabled extensions: CloseSpider, FeedExporter, TelnetConsole, LogStats, CoreStats, SpiderState
2015-09-05 15:55:49 [scrapy] INFO: Enabled downloader middlewares: HttpAuthMiddleware, DownloadTimeoutMiddleware, UserAgentMiddleware, RetryMiddleware, DefaultHeadersMiddleware, MetaRefreshMiddleware, HttpCompressionMiddleware, RedirectMiddleware, CookiesMiddleware, ChunkedTransferMiddleware, DownloaderStats
2015-09-05 15:55:49 [scrapy] INFO: Enabled spider middlewares: HttpErrorMiddleware, OffsiteMiddleware, RefererMiddleware, UrlLengthMiddleware, DepthMiddleware
2015-09-05 15:55:49 [scrapy] INFO: Enabled item pipelines: MeituanPipeline
2015-09-05 15:55:49 [scrapy] INFO: Spider opened
2015-09-05 15:55:49 [scrapy] INFO: Crawled 0 pages (at 0 pages/min), scraped 0 items (at 0 items/min)
2015-09-05 15:55:49 [scrapy] DEBUG: Telnet console listening on 127.0.0.1:6023
2015-09-05 15:55:49 [scrapy] DEBUG: Crawled (200) <GET http://i.meituan.com/jining?cid=1&cateType=poi&stid=_b1> (referer: None)
2015-09-05 15:55:49 [scrapy] DEBUG: Crawled (200) <GET http://i.meituan.com/yantai?cid=1&cateType=poi&stid=_b1> (referer: None)
2015-09-05 15:55:49 [scrapy] DEBUG: Crawled (200) <GET http://i.meituan.com/weifang?cid=1&cateType=poi&stid=_b1> (referer: None)
2015-09-05 15:55:49 [scrapy] DEBUG: Crawled (200) <GET http://i.meituan.com/dongying?cid=1&cateType=poi&stid=_b1> (referer: None)
2015-09-05 15:55:49 [scrapy] DEBUG: Crawled (200) <GET http://i.meituan.com/zibo?cid=1&cateType=poi&stid=_b1> (referer: None)
2015-09-05 15:55:49 [scrapy] DEBUG: Crawled (200) <GET http://i.meituan.com/zaozhuang?cid=1&cateType=poi&stid=_b1> (referer: None)
2015-09-05 15:55:49 [scrapy] DEBUG: Crawled (200) <GET http://i.meituan.com/qingdao?cid=1&cateType=poi&stid=_b1> (referer: None)
2015-09-05 15:55:49 [scrapy] ERROR: Spider error processing <GET http://i.meituan.com/jining?cid=1&cateType=poi&stid=_b1> (referer: None)
Traceback (most recent call last):
  File "/home/piaotiejun/workspace/python_workspace/spider/scrapy/venc/local/lib/python2.7/site-packages/scrapy/utils/defer.py", line 102, in iter_errback
    yield next(it)
  File "/home/piaotiejun/workspace/python_workspace/spider/scrapy/venc/local/lib/python2.7/site-packages/scrapy/spidermiddlewares/offsite.py", line 28, in process_spider_output
    for x in result:
  File "/home/piaotiejun/workspace/python_workspace/spider/scrapy/venc/local/lib/python2.7/site-packages/scrapy/spidermiddlewares/referer.py", line 22, in <genexpr>
    return (_set_referer(r) for r in result or ())
  File "/home/piaotiejun/workspace/python_workspace/spider/scrapy/venc/local/lib/python2.7/site-packages/scrapy/spidermiddlewares/urllength.py", line 37, in <genexpr>
    return (r for r in result or () if _filter(r))
  File "/home/piaotiejun/workspace/python_workspace/spider/scrapy/venc/local/lib/python2.7/site-packages/scrapy/spidermiddlewares/depth.py", line 54, in <genexpr>
    return (r for r in result or () if _filter(r))
  File "/home/piaotiejun/workspace/python_workspace/spider/scrapy/venc/local/lib/python2.7/site-packages/scrapy/spiders/crawl.py", line 69, in _parse_response
    for requests_or_item in iterate_spider_output(cb_res):
  File "/home/piaotiejun/workspace/python_workspace/spider/scrapy/src/restaurant/restaurant/spiders/meituan.py", line 67, in parse_start_url
    item['city'] = response.xpath('//span[@class="nav-city"]/text()').extract()[0]
IndexError: list index out of range
2015-09-05 15:55:49 [scrapy] ERROR: Spider error processing <GET http://i.meituan.com/yantai?cid=1&cateType=poi&stid=_b1> (referer: None)
Traceback (most recent call last):
  File "/home/piaotiejun/workspace/python_workspace/spider/scrapy/venc/local/lib/python2.7/site-packages/scrapy/utils/defer.py", line 102, in iter_errback
    yield next(it)
  File "/home/piaotiejun/workspace/python_workspace/spider/scrapy/venc/local/lib/python2.7/site-packages/scrapy/spidermiddlewares/offsite.py", line 28, in process_spider_output
    for x in result:
  File "/home/piaotiejun/workspace/python_workspace/spider/scrapy/venc/local/lib/python2.7/site-packages/scrapy/spidermiddlewares/referer.py", line 22, in <genexpr>
    return (_set_referer(r) for r in result or ())
  File "/home/piaotiejun/workspace/python_workspace/spider/scrapy/venc/local/lib/python2.7/site-packages/scrapy/spidermiddlewares/urllength.py", line 37, in <genexpr>
    return (r for r in result or () if _filter(r))
  File "/home/piaotiejun/workspace/python_workspace/spider/scrapy/venc/local/lib/python2.7/site-packages/scrapy/spidermiddlewares/depth.py", line 54, in <genexpr>
    return (r for r in result or () if _filter(r))
  File "/home/piaotiejun/workspace/python_workspace/spider/scrapy/venc/local/lib/python2.7/site-packages/scrapy/spiders/crawl.py", line 69, in _parse_response
    for requests_or_item in iterate_spider_output(cb_res):
  File "/home/piaotiejun/workspace/python_workspace/spider/scrapy/src/restaurant/restaurant/spiders/meituan.py", line 67, in parse_start_url
    item['city'] = response.xpath('//span[@class="nav-city"]/text()').extract()[0]
IndexError: list index out of range
2015-09-05 15:55:49 [scrapy] ERROR: Spider error processing <GET http://i.meituan.com/weifang?cid=1&cateType=poi&stid=_b1> (referer: None)
Traceback (most recent call last):
  File "/home/piaotiejun/workspace/python_workspace/spider/scrapy/venc/local/lib/python2.7/site-packages/scrapy/utils/defer.py", line 102, in iter_errback
    yield next(it)
  File "/home/piaotiejun/workspace/python_workspace/spider/scrapy/venc/local/lib/python2.7/site-packages/scrapy/spidermiddlewares/offsite.py", line 28, in process_spider_output
    for x in result:
  File "/home/piaotiejun/workspace/python_workspace/spider/scrapy/venc/local/lib/python2.7/site-packages/scrapy/spidermiddlewares/referer.py", line 22, in <genexpr>
    return (_set_referer(r) for r in result or ())
  File "/home/piaotiejun/workspace/python_workspace/spider/scrapy/venc/local/lib/python2.7/site-packages/scrapy/spidermiddlewares/urllength.py", line 37, in <genexpr>
    return (r for r in result or () if _filter(r))
  File "/home/piaotiejun/workspace/python_workspace/spider/scrapy/venc/local/lib/python2.7/site-packages/scrapy/spidermiddlewares/depth.py", line 54, in <genexpr>
    return (r for r in result or () if _filter(r))
  File "/home/piaotiejun/workspace/python_workspace/spider/scrapy/venc/local/lib/python2.7/site-packages/scrapy/spiders/crawl.py", line 69, in _parse_response
    for requests_or_item in iterate_spider_output(cb_res):
  File "/home/piaotiejun/workspace/python_workspace/spider/scrapy/src/restaurant/restaurant/spiders/meituan.py", line 67, in parse_start_url
    item['city'] = response.xpath('//span[@class="nav-city"]/text()').extract()[0]
IndexError: list index out of range
2015-09-05 15:55:49 [scrapy] ERROR: Spider error processing <GET http://i.meituan.com/dongying?cid=1&cateType=poi&stid=_b1> (referer: None)
Traceback (most recent call last):
  File "/home/piaotiejun/workspace/python_workspace/spider/scrapy/venc/local/lib/python2.7/site-packages/scrapy/utils/defer.py", line 102, in iter_errback
    yield next(it)
  File "/home/piaotiejun/workspace/python_workspace/spider/scrapy/venc/local/lib/python2.7/site-packages/scrapy/spidermiddlewares/offsite.py", line 28, in process_spider_output
    for x in result:
  File "/home/piaotiejun/workspace/python_workspace/spider/scrapy/venc/local/lib/python2.7/site-packages/scrapy/spidermiddlewares/referer.py", line 22, in <genexpr>
    return (_set_referer(r) for r in result or ())
  File "/home/piaotiejun/workspace/python_workspace/spider/scrapy/venc/local/lib/python2.7/site-packages/scrapy/spidermiddlewares/urllength.py", line 37, in <genexpr>
    return (r for r in result or () if _filter(r))
  File "/home/piaotiejun/workspace/python_workspace/spider/scrapy/venc/local/lib/python2.7/site-packages/scrapy/spidermiddlewares/depth.py", line 54, in <genexpr>
    return (r for r in result or () if _filter(r))
  File "/home/piaotiejun/workspace/python_workspace/spider/scrapy/venc/local/lib/python2.7/site-packages/scrapy/spiders/crawl.py", line 69, in _parse_response
    for requests_or_item in iterate_spider_output(cb_res):
  File "/home/piaotiejun/workspace/python_workspace/spider/scrapy/src/restaurant/restaurant/spiders/meituan.py", line 67, in parse_start_url
    item['city'] = response.xpath('//span[@class="nav-city"]/text()').extract()[0]
IndexError: list index out of range
2015-09-05 15:55:49 [scrapy] ERROR: Spider error processing <GET http://i.meituan.com/zibo?cid=1&cateType=poi&stid=_b1> (referer: None)
Traceback (most recent call last):
  File "/home/piaotiejun/workspace/python_workspace/spider/scrapy/venc/local/lib/python2.7/site-packages/scrapy/utils/defer.py", line 102, in iter_errback
    yield next(it)
  File "/home/piaotiejun/workspace/python_workspace/spider/scrapy/venc/local/lib/python2.7/site-packages/scrapy/spidermiddlewares/offsite.py", line 28, in process_spider_output
    for x in result:
  File "/home/piaotiejun/workspace/python_workspace/spider/scrapy/venc/local/lib/python2.7/site-packages/scrapy/spidermiddlewares/referer.py", line 22, in <genexpr>
    return (_set_referer(r) for r in result or ())
  File "/home/piaotiejun/workspace/python_workspace/spider/scrapy/venc/local/lib/python2.7/site-packages/scrapy/spidermiddlewares/urllength.py", line 37, in <genexpr>
    return (r for r in result or () if _filter(r))
  File "/home/piaotiejun/workspace/python_workspace/spider/scrapy/venc/local/lib/python2.7/site-packages/scrapy/spidermiddlewares/depth.py", line 54, in <genexpr>
    return (r for r in result or () if _filter(r))
  File "/home/piaotiejun/workspace/python_workspace/spider/scrapy/venc/local/lib/python2.7/site-packages/scrapy/spiders/crawl.py", line 69, in _parse_response
    for requests_or_item in iterate_spider_output(cb_res):
  File "/home/piaotiejun/workspace/python_workspace/spider/scrapy/src/restaurant/restaurant/spiders/meituan.py", line 67, in parse_start_url
    item['city'] = response.xpath('//span[@class="nav-city"]/text()').extract()[0]
IndexError: list index out of range
2015-09-05 15:55:49 [scrapy] ERROR: Spider error processing <GET http://i.meituan.com/zaozhuang?cid=1&cateType=poi&stid=_b1> (referer: None)
Traceback (most recent call last):
  File "/home/piaotiejun/workspace/python_workspace/spider/scrapy/venc/local/lib/python2.7/site-packages/scrapy/utils/defer.py", line 102, in iter_errback
    yield next(it)
  File "/home/piaotiejun/workspace/python_workspace/spider/scrapy/venc/local/lib/python2.7/site-packages/scrapy/spidermiddlewares/offsite.py", line 28, in process_spider_output
    for x in result:
  File "/home/piaotiejun/workspace/python_workspace/spider/scrapy/venc/local/lib/python2.7/site-packages/scrapy/spidermiddlewares/referer.py", line 22, in <genexpr>
    return (_set_referer(r) for r in result or ())
  File "/home/piaotiejun/workspace/python_workspace/spider/scrapy/venc/local/lib/python2.7/site-packages/scrapy/spidermiddlewares/urllength.py", line 37, in <genexpr>
    return (r for r in result or () if _filter(r))
  File "/home/piaotiejun/workspace/python_workspace/spider/scrapy/venc/local/lib/python2.7/site-packages/scrapy/spidermiddlewares/depth.py", line 54, in <genexpr>
    return (r for r in result or () if _filter(r))
  File "/home/piaotiejun/workspace/python_workspace/spider/scrapy/venc/local/lib/python2.7/site-packages/scrapy/spiders/crawl.py", line 69, in _parse_response
    for requests_or_item in iterate_spider_output(cb_res):
  File "/home/piaotiejun/workspace/python_workspace/spider/scrapy/src/restaurant/restaurant/spiders/meituan.py", line 67, in parse_start_url
    item['city'] = response.xpath('//span[@class="nav-city"]/text()').extract()[0]
IndexError: list index out of range
2015-09-05 15:55:49 [scrapy] ERROR: Spider error processing <GET http://i.meituan.com/qingdao?cid=1&cateType=poi&stid=_b1> (referer: None)
Traceback (most recent call last):
  File "/home/piaotiejun/workspace/python_workspace/spider/scrapy/venc/local/lib/python2.7/site-packages/scrapy/utils/defer.py", line 102, in iter_errback
    yield next(it)
  File "/home/piaotiejun/workspace/python_workspace/spider/scrapy/venc/local/lib/python2.7/site-packages/scrapy/spidermiddlewares/offsite.py", line 28, in process_spider_output
    for x in result:
  File "/home/piaotiejun/workspace/python_workspace/spider/scrapy/venc/local/lib/python2.7/site-packages/scrapy/spidermiddlewares/referer.py", line 22, in <genexpr>
    return (_set_referer(r) for r in result or ())
  File "/home/piaotiejun/workspace/python_workspace/spider/scrapy/venc/local/lib/python2.7/site-packages/scrapy/spidermiddlewares/urllength.py", line 37, in <genexpr>
    return (r for r in result or () if _filter(r))
  File "/home/piaotiejun/workspace/python_workspace/spider/scrapy/venc/local/lib/python2.7/site-packages/scrapy/spidermiddlewares/depth.py", line 54, in <genexpr>
    return (r for r in result or () if _filter(r))
  File "/home/piaotiejun/workspace/python_workspace/spider/scrapy/venc/local/lib/python2.7/site-packages/scrapy/spiders/crawl.py", line 69, in _parse_response
    for requests_or_item in iterate_spider_output(cb_res):
  File "/home/piaotiejun/workspace/python_workspace/spider/scrapy/src/restaurant/restaurant/spiders/meituan.py", line 67, in parse_start_url
    item['city'] = response.xpath('//span[@class="nav-city"]/text()').extract()[0]
IndexError: list index out of range
2015-09-05 15:55:49 [scrapy] DEBUG: Crawled (200) <GET http://i.meituan.com/jinan?cid=1&cateType=poi&stid=_b1> (referer: None)
2015-09-05 15:55:49 [scrapy] DEBUG: Crawled (200) <GET http://i.meituan.com/taian?cid=1&cateType=poi&stid=_b1> (referer: None)
2015-09-05 15:55:49 [scrapy] DEBUG: Crawled (200) <GET http://i.meituan.com/weihai?cid=1&cateType=poi&stid=_b1> (referer: None)
2015-09-05 15:55:49 [scrapy] DEBUG: Crawled (200) <GET http://i.meituan.com/rizhao?cid=1&cateType=poi&stid=_b1> (referer: None)
2015-09-05 15:55:50 [scrapy] DEBUG: Crawled (200) <GET http://i.meituan.com/liaocheng?cid=1&cateType=poi&stid=_b1> (referer: None)
2015-09-05 15:55:50 [scrapy] DEBUG: Crawled (200) <GET http://i.meituan.com/binzhou?cid=1&cateType=poi&stid=_b1> (referer: None)
2015-09-05 15:55:50 [scrapy] ERROR: Spider error processing <GET http://i.meituan.com/jinan?cid=1&cateType=poi&stid=_b1> (referer: None)
Traceback (most recent call last):
  File "/home/piaotiejun/workspace/python_workspace/spider/scrapy/venc/local/lib/python2.7/site-packages/scrapy/utils/defer.py", line 102, in iter_errback
    yield next(it)
  File "/home/piaotiejun/workspace/python_workspace/spider/scrapy/venc/local/lib/python2.7/site-packages/scrapy/spidermiddlewares/offsite.py", line 28, in process_spider_output
    for x in result:
  File "/home/piaotiejun/workspace/python_workspace/spider/scrapy/venc/local/lib/python2.7/site-packages/scrapy/spidermiddlewares/referer.py", line 22, in <genexpr>
    return (_set_referer(r) for r in result or ())
  File "/home/piaotiejun/workspace/python_workspace/spider/scrapy/venc/local/lib/python2.7/site-packages/scrapy/spidermiddlewares/urllength.py", line 37, in <genexpr>
    return (r for r in result or () if _filter(r))
  File "/home/piaotiejun/workspace/python_workspace/spider/scrapy/venc/local/lib/python2.7/site-packages/scrapy/spidermiddlewares/depth.py", line 54, in <genexpr>
    return (r for r in result or () if _filter(r))
  File "/home/piaotiejun/workspace/python_workspace/spider/scrapy/venc/local/lib/python2.7/site-packages/scrapy/spiders/crawl.py", line 69, in _parse_response
    for requests_or_item in iterate_spider_output(cb_res):
  File "/home/piaotiejun/workspace/python_workspace/spider/scrapy/src/restaurant/restaurant/spiders/meituan.py", line 67, in parse_start_url
    item['city'] = response.xpath('//span[@class="nav-city"]/text()').extract()[0]
IndexError: list index out of range
2015-09-05 15:55:50 [scrapy] DEBUG: Crawled (200) <GET http://i.meituan.com/dezhou?cid=1&cateType=poi&stid=_b1> (referer: None)
2015-09-05 15:55:50 [scrapy] DEBUG: Crawled (200) <GET http://i.meituan.com/linyi?cid=1&cateType=poi&stid=_b1> (referer: None)
2015-09-05 15:55:50 [scrapy] ERROR: Spider error processing <GET http://i.meituan.com/taian?cid=1&cateType=poi&stid=_b1> (referer: None)
Traceback (most recent call last):
  File "/home/piaotiejun/workspace/python_workspace/spider/scrapy/venc/local/lib/python2.7/site-packages/scrapy/utils/defer.py", line 102, in iter_errback
    yield next(it)
  File "/home/piaotiejun/workspace/python_workspace/spider/scrapy/venc/local/lib/python2.7/site-packages/scrapy/spidermiddlewares/offsite.py", line 28, in process_spider_output
    for x in result:
  File "/home/piaotiejun/workspace/python_workspace/spider/scrapy/venc/local/lib/python2.7/site-packages/scrapy/spidermiddlewares/referer.py", line 22, in <genexpr>
    return (_set_referer(r) for r in result or ())
  File "/home/piaotiejun/workspace/python_workspace/spider/scrapy/venc/local/lib/python2.7/site-packages/scrapy/spidermiddlewares/urllength.py", line 37, in <genexpr>
    return (r for r in result or () if _filter(r))
  File "/home/piaotiejun/workspace/python_workspace/spider/scrapy/venc/local/lib/python2.7/site-packages/scrapy/spidermiddlewares/depth.py", line 54, in <genexpr>
    return (r for r in result or () if _filter(r))
  File "/home/piaotiejun/workspace/python_workspace/spider/scrapy/venc/local/lib/python2.7/site-packages/scrapy/spiders/crawl.py", line 69, in _parse_response
    for requests_or_item in iterate_spider_output(cb_res):
  File "/home/piaotiejun/workspace/python_workspace/spider/scrapy/src/restaurant/restaurant/spiders/meituan.py", line 67, in parse_start_url
    item['city'] = response.xpath('//span[@class="nav-city"]/text()').extract()[0]
IndexError: list index out of range
2015-09-05 15:55:50 [scrapy] ERROR: Spider error processing <GET http://i.meituan.com/weihai?cid=1&cateType=poi&stid=_b1> (referer: None)
Traceback (most recent call last):
  File "/home/piaotiejun/workspace/python_workspace/spider/scrapy/venc/local/lib/python2.7/site-packages/scrapy/utils/defer.py", line 102, in iter_errback
    yield next(it)
  File "/home/piaotiejun/workspace/python_workspace/spider/scrapy/venc/local/lib/python2.7/site-packages/scrapy/spidermiddlewares/offsite.py", line 28, in process_spider_output
    for x in result:
  File "/home/piaotiejun/workspace/python_workspace/spider/scrapy/venc/local/lib/python2.7/site-packages/scrapy/spidermiddlewares/referer.py", line 22, in <genexpr>
    return (_set_referer(r) for r in result or ())
  File "/home/piaotiejun/workspace/python_workspace/spider/scrapy/venc/local/lib/python2.7/site-packages/scrapy/spidermiddlewares/urllength.py", line 37, in <genexpr>
    return (r for r in result or () if _filter(r))
  File "/home/piaotiejun/workspace/python_workspace/spider/scrapy/venc/local/lib/python2.7/site-packages/scrapy/spidermiddlewares/depth.py", line 54, in <genexpr>
    return (r for r in result or () if _filter(r))
  File "/home/piaotiejun/workspace/python_workspace/spider/scrapy/venc/local/lib/python2.7/site-packages/scrapy/spiders/crawl.py", line 69, in _parse_response
    for requests_or_item in iterate_spider_output(cb_res):
  File "/home/piaotiejun/workspace/python_workspace/spider/scrapy/src/restaurant/restaurant/spiders/meituan.py", line 67, in parse_start_url
    item['city'] = response.xpath('//span[@class="nav-city"]/text()').extract()[0]
IndexError: list index out of range
2015-09-05 15:55:50 [scrapy] ERROR: Spider error processing <GET http://i.meituan.com/rizhao?cid=1&cateType=poi&stid=_b1> (referer: None)
Traceback (most recent call last):
  File "/home/piaotiejun/workspace/python_workspace/spider/scrapy/venc/local/lib/python2.7/site-packages/scrapy/utils/defer.py", line 102, in iter_errback
    yield next(it)
  File "/home/piaotiejun/workspace/python_workspace/spider/scrapy/venc/local/lib/python2.7/site-packages/scrapy/spidermiddlewares/offsite.py", line 28, in process_spider_output
    for x in result:
  File "/home/piaotiejun/workspace/python_workspace/spider/scrapy/venc/local/lib/python2.7/site-packages/scrapy/spidermiddlewares/referer.py", line 22, in <genexpr>
    return (_set_referer(r) for r in result or ())
  File "/home/piaotiejun/workspace/python_workspace/spider/scrapy/venc/local/lib/python2.7/site-packages/scrapy/spidermiddlewares/urllength.py", line 37, in <genexpr>
    return (r for r in result or () if _filter(r))
  File "/home/piaotiejun/workspace/python_workspace/spider/scrapy/venc/local/lib/python2.7/site-packages/scrapy/spidermiddlewares/depth.py", line 54, in <genexpr>
    return (r for r in result or () if _filter(r))
  File "/home/piaotiejun/workspace/python_workspace/spider/scrapy/venc/local/lib/python2.7/site-packages/scrapy/spiders/crawl.py", line 69, in _parse_response
    for requests_or_item in iterate_spider_output(cb_res):
  File "/home/piaotiejun/workspace/python_workspace/spider/scrapy/src/restaurant/restaurant/spiders/meituan.py", line 67, in parse_start_url
    item['city'] = response.xpath('//span[@class="nav-city"]/text()').extract()[0]
IndexError: list index out of range
2015-09-05 15:55:50 [scrapy] ERROR: Spider error processing <GET http://i.meituan.com/liaocheng?cid=1&cateType=poi&stid=_b1> (referer: None)
Traceback (most recent call last):
  File "/home/piaotiejun/workspace/python_workspace/spider/scrapy/venc/local/lib/python2.7/site-packages/scrapy/utils/defer.py", line 102, in iter_errback
    yield next(it)
  File "/home/piaotiejun/workspace/python_workspace/spider/scrapy/venc/local/lib/python2.7/site-packages/scrapy/spidermiddlewares/offsite.py", line 28, in process_spider_output
    for x in result:
  File "/home/piaotiejun/workspace/python_workspace/spider/scrapy/venc/local/lib/python2.7/site-packages/scrapy/spidermiddlewares/referer.py", line 22, in <genexpr>
    return (_set_referer(r) for r in result or ())
  File "/home/piaotiejun/workspace/python_workspace/spider/scrapy/venc/local/lib/python2.7/site-packages/scrapy/spidermiddlewares/urllength.py", line 37, in <genexpr>
    return (r for r in result or () if _filter(r))
  File "/home/piaotiejun/workspace/python_workspace/spider/scrapy/venc/local/lib/python2.7/site-packages/scrapy/spidermiddlewares/depth.py", line 54, in <genexpr>
    return (r for r in result or () if _filter(r))
  File "/home/piaotiejun/workspace/python_workspace/spider/scrapy/venc/local/lib/python2.7/site-packages/scrapy/spiders/crawl.py", line 69, in _parse_response
    for requests_or_item in iterate_spider_output(cb_res):
  File "/home/piaotiejun/workspace/python_workspace/spider/scrapy/src/restaurant/restaurant/spiders/meituan.py", line 67, in parse_start_url
    item['city'] = response.xpath('//span[@class="nav-city"]/text()').extract()[0]
IndexError: list index out of range
2015-09-05 15:55:50 [scrapy] ERROR: Spider error processing <GET http://i.meituan.com/binzhou?cid=1&cateType=poi&stid=_b1> (referer: None)
Traceback (most recent call last):
  File "/home/piaotiejun/workspace/python_workspace/spider/scrapy/venc/local/lib/python2.7/site-packages/scrapy/utils/defer.py", line 102, in iter_errback
    yield next(it)
  File "/home/piaotiejun/workspace/python_workspace/spider/scrapy/venc/local/lib/python2.7/site-packages/scrapy/spidermiddlewares/offsite.py", line 28, in process_spider_output
    for x in result:
  File "/home/piaotiejun/workspace/python_workspace/spider/scrapy/venc/local/lib/python2.7/site-packages/scrapy/spidermiddlewares/referer.py", line 22, in <genexpr>
    return (_set_referer(r) for r in result or ())
  File "/home/piaotiejun/workspace/python_workspace/spider/scrapy/venc/local/lib/python2.7/site-packages/scrapy/spidermiddlewares/urllength.py", line 37, in <genexpr>
    return (r for r in result or () if _filter(r))
  File "/home/piaotiejun/workspace/python_workspace/spider/scrapy/venc/local/lib/python2.7/site-packages/scrapy/spidermiddlewares/depth.py", line 54, in <genexpr>
    return (r for r in result or () if _filter(r))
  File "/home/piaotiejun/workspace/python_workspace/spider/scrapy/venc/local/lib/python2.7/site-packages/scrapy/spiders/crawl.py", line 69, in _parse_response
    for requests_or_item in iterate_spider_output(cb_res):
  File "/home/piaotiejun/workspace/python_workspace/spider/scrapy/src/restaurant/restaurant/spiders/meituan.py", line 67, in parse_start_url
    item['city'] = response.xpath('//span[@class="nav-city"]/text()').extract()[0]
IndexError: list index out of range
2015-09-05 15:55:50 [scrapy] ERROR: Spider error processing <GET http://i.meituan.com/dezhou?cid=1&cateType=poi&stid=_b1> (referer: None)
Traceback (most recent call last):
  File "/home/piaotiejun/workspace/python_workspace/spider/scrapy/venc/local/lib/python2.7/site-packages/scrapy/utils/defer.py", line 102, in iter_errback
    yield next(it)
  File "/home/piaotiejun/workspace/python_workspace/spider/scrapy/venc/local/lib/python2.7/site-packages/scrapy/spidermiddlewares/offsite.py", line 28, in process_spider_output
    for x in result:
  File "/home/piaotiejun/workspace/python_workspace/spider/scrapy/venc/local/lib/python2.7/site-packages/scrapy/spidermiddlewares/referer.py", line 22, in <genexpr>
    return (_set_referer(r) for r in result or ())
  File "/home/piaotiejun/workspace/python_workspace/spider/scrapy/venc/local/lib/python2.7/site-packages/scrapy/spidermiddlewares/urllength.py", line 37, in <genexpr>
    return (r for r in result or () if _filter(r))
  File "/home/piaotiejun/workspace/python_workspace/spider/scrapy/venc/local/lib/python2.7/site-packages/scrapy/spidermiddlewares/depth.py", line 54, in <genexpr>
    return (r for r in result or () if _filter(r))
  File "/home/piaotiejun/workspace/python_workspace/spider/scrapy/venc/local/lib/python2.7/site-packages/scrapy/spiders/crawl.py", line 69, in _parse_response
    for requests_or_item in iterate_spider_output(cb_res):
  File "/home/piaotiejun/workspace/python_workspace/spider/scrapy/src/restaurant/restaurant/spiders/meituan.py", line 67, in parse_start_url
    item['city'] = response.xpath('//span[@class="nav-city"]/text()').extract()[0]
IndexError: list index out of range
2015-09-05 15:55:50 [scrapy] ERROR: Spider error processing <GET http://i.meituan.com/linyi?cid=1&cateType=poi&stid=_b1> (referer: None)
Traceback (most recent call last):
  File "/home/piaotiejun/workspace/python_workspace/spider/scrapy/venc/local/lib/python2.7/site-packages/scrapy/utils/defer.py", line 102, in iter_errback
    yield next(it)
  File "/home/piaotiejun/workspace/python_workspace/spider/scrapy/venc/local/lib/python2.7/site-packages/scrapy/spidermiddlewares/offsite.py", line 28, in process_spider_output
    for x in result:
  File "/home/piaotiejun/workspace/python_workspace/spider/scrapy/venc/local/lib/python2.7/site-packages/scrapy/spidermiddlewares/referer.py", line 22, in <genexpr>
    return (_set_referer(r) for r in result or ())
  File "/home/piaotiejun/workspace/python_workspace/spider/scrapy/venc/local/lib/python2.7/site-packages/scrapy/spidermiddlewares/urllength.py", line 37, in <genexpr>
    return (r for r in result or () if _filter(r))
  File "/home/piaotiejun/workspace/python_workspace/spider/scrapy/venc/local/lib/python2.7/site-packages/scrapy/spidermiddlewares/depth.py", line 54, in <genexpr>
    return (r for r in result or () if _filter(r))
  File "/home/piaotiejun/workspace/python_workspace/spider/scrapy/venc/local/lib/python2.7/site-packages/scrapy/spiders/crawl.py", line 69, in _parse_response
    for requests_or_item in iterate_spider_output(cb_res):
  File "/home/piaotiejun/workspace/python_workspace/spider/scrapy/src/restaurant/restaurant/spiders/meituan.py", line 67, in parse_start_url
    item['city'] = response.xpath('//span[@class="nav-city"]/text()').extract()[0]
IndexError: list index out of range
2015-09-05 15:55:50 [scrapy] DEBUG: Crawled (200) <GET http://i.meituan.com/laiwu?cid=1&cateType=poi&stid=_b1> (referer: None)
2015-09-05 15:55:50 [scrapy] DEBUG: Crawled (200) <GET http://i.meituan.com/heze?cid=1&cateType=poi&stid=_b1> (referer: None)
2015-09-05 15:55:50 [scrapy] ERROR: Spider error processing <GET http://i.meituan.com/laiwu?cid=1&cateType=poi&stid=_b1> (referer: None)
Traceback (most recent call last):
  File "/home/piaotiejun/workspace/python_workspace/spider/scrapy/venc/local/lib/python2.7/site-packages/scrapy/utils/defer.py", line 102, in iter_errback
    yield next(it)
  File "/home/piaotiejun/workspace/python_workspace/spider/scrapy/venc/local/lib/python2.7/site-packages/scrapy/spidermiddlewares/offsite.py", line 28, in process_spider_output
    for x in result:
  File "/home/piaotiejun/workspace/python_workspace/spider/scrapy/venc/local/lib/python2.7/site-packages/scrapy/spidermiddlewares/referer.py", line 22, in <genexpr>
    return (_set_referer(r) for r in result or ())
  File "/home/piaotiejun/workspace/python_workspace/spider/scrapy/venc/local/lib/python2.7/site-packages/scrapy/spidermiddlewares/urllength.py", line 37, in <genexpr>
    return (r for r in result or () if _filter(r))
  File "/home/piaotiejun/workspace/python_workspace/spider/scrapy/venc/local/lib/python2.7/site-packages/scrapy/spidermiddlewares/depth.py", line 54, in <genexpr>
    return (r for r in result or () if _filter(r))
  File "/home/piaotiejun/workspace/python_workspace/spider/scrapy/venc/local/lib/python2.7/site-packages/scrapy/spiders/crawl.py", line 69, in _parse_response
    for requests_or_item in iterate_spider_output(cb_res):
  File "/home/piaotiejun/workspace/python_workspace/spider/scrapy/src/restaurant/restaurant/spiders/meituan.py", line 67, in parse_start_url
    item['city'] = response.xpath('//span[@class="nav-city"]/text()').extract()[0]
IndexError: list index out of range
2015-09-05 15:55:50 [scrapy] ERROR: Spider error processing <GET http://i.meituan.com/heze?cid=1&cateType=poi&stid=_b1> (referer: None)
Traceback (most recent call last):
  File "/home/piaotiejun/workspace/python_workspace/spider/scrapy/venc/local/lib/python2.7/site-packages/scrapy/utils/defer.py", line 102, in iter_errback
    yield next(it)
  File "/home/piaotiejun/workspace/python_workspace/spider/scrapy/venc/local/lib/python2.7/site-packages/scrapy/spidermiddlewares/offsite.py", line 28, in process_spider_output
    for x in result:
  File "/home/piaotiejun/workspace/python_workspace/spider/scrapy/venc/local/lib/python2.7/site-packages/scrapy/spidermiddlewares/referer.py", line 22, in <genexpr>
    return (_set_referer(r) for r in result or ())
  File "/home/piaotiejun/workspace/python_workspace/spider/scrapy/venc/local/lib/python2.7/site-packages/scrapy/spidermiddlewares/urllength.py", line 37, in <genexpr>
    return (r for r in result or () if _filter(r))
  File "/home/piaotiejun/workspace/python_workspace/spider/scrapy/venc/local/lib/python2.7/site-packages/scrapy/spidermiddlewares/depth.py", line 54, in <genexpr>
    return (r for r in result or () if _filter(r))
  File "/home/piaotiejun/workspace/python_workspace/spider/scrapy/venc/local/lib/python2.7/site-packages/scrapy/spiders/crawl.py", line 69, in _parse_response
    for requests_or_item in iterate_spider_output(cb_res):
  File "/home/piaotiejun/workspace/python_workspace/spider/scrapy/src/restaurant/restaurant/spiders/meituan.py", line 67, in parse_start_url
    item['city'] = response.xpath('//span[@class="nav-city"]/text()').extract()[0]
IndexError: list index out of range
2015-09-05 15:55:50 [scrapy] DEBUG: Crawled (200) <GET http://i.meituan.com/shanghai?cid=1&cateType=poi&stid=_b1> (referer: None)
2015-09-05 15:55:50 [scrapy] ERROR: Spider error processing <GET http://i.meituan.com/shanghai?cid=1&cateType=poi&stid=_b1> (referer: None)
Traceback (most recent call last):
  File "/home/piaotiejun/workspace/python_workspace/spider/scrapy/venc/local/lib/python2.7/site-packages/scrapy/utils/defer.py", line 102, in iter_errback
    yield next(it)
  File "/home/piaotiejun/workspace/python_workspace/spider/scrapy/venc/local/lib/python2.7/site-packages/scrapy/spidermiddlewares/offsite.py", line 28, in process_spider_output
    for x in result:
  File "/home/piaotiejun/workspace/python_workspace/spider/scrapy/venc/local/lib/python2.7/site-packages/scrapy/spidermiddlewares/referer.py", line 22, in <genexpr>
    return (_set_referer(r) for r in result or ())
  File "/home/piaotiejun/workspace/python_workspace/spider/scrapy/venc/local/lib/python2.7/site-packages/scrapy/spidermiddlewares/urllength.py", line 37, in <genexpr>
    return (r for r in result or () if _filter(r))
  File "/home/piaotiejun/workspace/python_workspace/spider/scrapy/venc/local/lib/python2.7/site-packages/scrapy/spidermiddlewares/depth.py", line 54, in <genexpr>
    return (r for r in result or () if _filter(r))
  File "/home/piaotiejun/workspace/python_workspace/spider/scrapy/venc/local/lib/python2.7/site-packages/scrapy/spiders/crawl.py", line 69, in _parse_response
    for requests_or_item in iterate_spider_output(cb_res):
  File "/home/piaotiejun/workspace/python_workspace/spider/scrapy/src/restaurant/restaurant/spiders/meituan.py", line 67, in parse_start_url
    item['city'] = response.xpath('//span[@class="nav-city"]/text()').extract()[0]
IndexError: list index out of range
2015-09-05 15:55:50 [scrapy] DEBUG: Crawled (200) <GET http://i.meituan.com/beijing?cid=1&cateType=poi&stid=_b1> (referer: None)
2015-09-05 15:55:50 [scrapy] DEBUG: Crawled (200) <GET http://i.meituan.com/guangzhou?cid=1&cateType=poi&stid=_b1> (referer: None)
2015-09-05 15:55:50 [scrapy] DEBUG: Crawled (200) <GET http://i.meituan.com/shenzhen?cid=1&cateType=poi&stid=_b1> (referer: None)
2015-09-05 15:55:50 [scrapy] ERROR: Spider error processing <GET http://i.meituan.com/beijing?cid=1&cateType=poi&stid=_b1> (referer: None)
Traceback (most recent call last):
  File "/home/piaotiejun/workspace/python_workspace/spider/scrapy/venc/local/lib/python2.7/site-packages/scrapy/utils/defer.py", line 102, in iter_errback
    yield next(it)
  File "/home/piaotiejun/workspace/python_workspace/spider/scrapy/venc/local/lib/python2.7/site-packages/scrapy/spidermiddlewares/offsite.py", line 28, in process_spider_output
    for x in result:
  File "/home/piaotiejun/workspace/python_workspace/spider/scrapy/venc/local/lib/python2.7/site-packages/scrapy/spidermiddlewares/referer.py", line 22, in <genexpr>
    return (_set_referer(r) for r in result or ())
  File "/home/piaotiejun/workspace/python_workspace/spider/scrapy/venc/local/lib/python2.7/site-packages/scrapy/spidermiddlewares/urllength.py", line 37, in <genexpr>
    return (r for r in result or () if _filter(r))
  File "/home/piaotiejun/workspace/python_workspace/spider/scrapy/venc/local/lib/python2.7/site-packages/scrapy/spidermiddlewares/depth.py", line 54, in <genexpr>
    return (r for r in result or () if _filter(r))
  File "/home/piaotiejun/workspace/python_workspace/spider/scrapy/venc/local/lib/python2.7/site-packages/scrapy/spiders/crawl.py", line 69, in _parse_response
    for requests_or_item in iterate_spider_output(cb_res):
  File "/home/piaotiejun/workspace/python_workspace/spider/scrapy/src/restaurant/restaurant/spiders/meituan.py", line 67, in parse_start_url
    item['city'] = response.xpath('//span[@class="nav-city"]/text()').extract()[0]
IndexError: list index out of range
2015-09-05 15:55:50 [scrapy] ERROR: Spider error processing <GET http://i.meituan.com/guangzhou?cid=1&cateType=poi&stid=_b1> (referer: None)
Traceback (most recent call last):
  File "/home/piaotiejun/workspace/python_workspace/spider/scrapy/venc/local/lib/python2.7/site-packages/scrapy/utils/defer.py", line 102, in iter_errback
    yield next(it)
  File "/home/piaotiejun/workspace/python_workspace/spider/scrapy/venc/local/lib/python2.7/site-packages/scrapy/spidermiddlewares/offsite.py", line 28, in process_spider_output
    for x in result:
  File "/home/piaotiejun/workspace/python_workspace/spider/scrapy/venc/local/lib/python2.7/site-packages/scrapy/spidermiddlewares/referer.py", line 22, in <genexpr>
    return (_set_referer(r) for r in result or ())
  File "/home/piaotiejun/workspace/python_workspace/spider/scrapy/venc/local/lib/python2.7/site-packages/scrapy/spidermiddlewares/urllength.py", line 37, in <genexpr>
    return (r for r in result or () if _filter(r))
  File "/home/piaotiejun/workspace/python_workspace/spider/scrapy/venc/local/lib/python2.7/site-packages/scrapy/spidermiddlewares/depth.py", line 54, in <genexpr>
    return (r for r in result or () if _filter(r))
  File "/home/piaotiejun/workspace/python_workspace/spider/scrapy/venc/local/lib/python2.7/site-packages/scrapy/spiders/crawl.py", line 69, in _parse_response
    for requests_or_item in iterate_spider_output(cb_res):
  File "/home/piaotiejun/workspace/python_workspace/spider/scrapy/src/restaurant/restaurant/spiders/meituan.py", line 67, in parse_start_url
    item['city'] = response.xpath('//span[@class="nav-city"]/text()').extract()[0]
IndexError: list index out of range
2015-09-05 15:55:50 [scrapy] ERROR: Spider error processing <GET http://i.meituan.com/shenzhen?cid=1&cateType=poi&stid=_b1> (referer: None)
Traceback (most recent call last):
  File "/home/piaotiejun/workspace/python_workspace/spider/scrapy/venc/local/lib/python2.7/site-packages/scrapy/utils/defer.py", line 102, in iter_errback
    yield next(it)
  File "/home/piaotiejun/workspace/python_workspace/spider/scrapy/venc/local/lib/python2.7/site-packages/scrapy/spidermiddlewares/offsite.py", line 28, in process_spider_output
    for x in result:
  File "/home/piaotiejun/workspace/python_workspace/spider/scrapy/venc/local/lib/python2.7/site-packages/scrapy/spidermiddlewares/referer.py", line 22, in <genexpr>
    return (_set_referer(r) for r in result or ())
  File "/home/piaotiejun/workspace/python_workspace/spider/scrapy/venc/local/lib/python2.7/site-packages/scrapy/spidermiddlewares/urllength.py", line 37, in <genexpr>
    return (r for r in result or () if _filter(r))
  File "/home/piaotiejun/workspace/python_workspace/spider/scrapy/venc/local/lib/python2.7/site-packages/scrapy/spidermiddlewares/depth.py", line 54, in <genexpr>
    return (r for r in result or () if _filter(r))
  File "/home/piaotiejun/workspace/python_workspace/spider/scrapy/venc/local/lib/python2.7/site-packages/scrapy/spiders/crawl.py", line 69, in _parse_response
    for requests_or_item in iterate_spider_output(cb_res):
  File "/home/piaotiejun/workspace/python_workspace/spider/scrapy/src/restaurant/restaurant/spiders/meituan.py", line 67, in parse_start_url
    item['city'] = response.xpath('//span[@class="nav-city"]/text()').extract()[0]
IndexError: list index out of range
2015-09-05 15:55:50 [scrapy] INFO: Closing spider (finished)
2015-09-05 15:55:50 [scrapy] INFO: Dumping Scrapy stats:
{'downloader/request_bytes': 6578,
 'downloader/request_count': 21,
 'downloader/request_method_count/GET': 21,
 'downloader/response_bytes': 450296,
 'downloader/response_count': 21,
 'downloader/response_status_count/200': 21,
 'finish_reason': 'finished',
 'finish_time': datetime.datetime(2015, 9, 5, 7, 55, 50, 973435),
 'log_count/DEBUG': 22,
 'log_count/ERROR': 21,
 'log_count/INFO': 7,
 'log_count/WARNING': 1,
 'response_received_count': 21,
 'scheduler/dequeued': 21,
 'scheduler/dequeued/memory': 21,
 'scheduler/enqueued': 21,
 'scheduler/enqueued/memory': 21,
 'spider_exceptions/IndexError': 21,
 'start_time': datetime.datetime(2015, 9, 5, 7, 55, 49, 415507)}
2015-09-05 15:55:50 [scrapy] INFO: Spider closed (finished)
